<?xml version="1.0" encoding="UTF-8"?>
<testng-results ignored="0" total="3" passed="3" failed="0" skipped="0">
  <reporter-output>
  </reporter-output>
  <suite started-at="2022-10-07T15:16:03 AMT" name="AmazonAllTests" finished-at="2022-10-07T15:16:34 AMT" duration-ms="30219">
    <groups>
    </groups>
    <test started-at="2022-10-07T15:16:03 AMT" name="TestAmazon" finished-at="2022-10-07T15:16:34 AMT" duration-ms="30219">
      <class name="TestAmazon">
        <test-method is-config="true" signature="initDriver()[pri:0, instance:TestAmazon@40ef3420]" started-at="2022-10-07T15:16:03 AMT" name="initDriver" finished-at="2022-10-07T15:16:05 AMT" duration-ms="1290" status="PASS">
          <reporter-output>
          </reporter-output>
        </test-method> <!-- initDriver -->
        <test-method signature="CheckPaginationAndHoveringOnBestSeller()[pri:0, instance:TestAmazon@40ef3420]" started-at="2022-10-07T15:16:05 AMT" name="CheckPaginationAndHoveringOnBestSeller" finished-at="2022-10-07T15:16:16 AMT" duration-ms="11348" status="PASS">
          <reporter-output>
          </reporter-output>
        </test-method> <!-- CheckPaginationAndHoveringOnBestSeller -->
        <test-method signature="testForCheckAllRatings()[pri:0, instance:TestAmazon@40ef3420]" started-at="2022-10-07T15:16:16 AMT" name="testForCheckAllRatings" finished-at="2022-10-07T15:16:28 AMT" duration-ms="11905" status="PASS">
          <reporter-output>
          </reporter-output>
        </test-method> <!-- testForCheckAllRatings -->
        <test-method is-config="true" signature="initDriver()[pri:0, instance:TestAmazon@40ef3420]" started-at="2022-10-07T15:16:16 AMT" name="initDriver" finished-at="2022-10-07T15:16:16 AMT" duration-ms="0" status="PASS">
          <reporter-output>
          </reporter-output>
        </test-method> <!-- initDriver -->
        <test-method is-config="true" signature="initDriver()[pri:0, instance:TestAmazon@40ef3420]" started-at="2022-10-07T15:16:28 AMT" name="initDriver" finished-at="2022-10-07T15:16:28 AMT" duration-ms="1" status="PASS">
          <reporter-output>
          </reporter-output>
        </test-method> <!-- initDriver -->
        <test-method signature="testForChoosingAmazonCategory()[pri:0, instance:TestAmazon@40ef3420]" started-at="2022-10-07T15:16:28 AMT" name="testForChoosingAmazonCategory" finished-at="2022-10-07T15:16:33 AMT" duration-ms="5328" status="PASS">
          <reporter-output>
          </reporter-output>
        </test-method> <!-- testForChoosingAmazonCategory -->
        <test-method is-config="true" signature="tearDown()[pri:0, instance:TestAmazon@40ef3420]" started-at="2022-10-07T15:16:33 AMT" name="tearDown" finished-at="2022-10-07T15:16:34 AMT" duration-ms="316" status="PASS">
          <reporter-output>
          </reporter-output>
        </test-method> <!-- tearDown -->
      </class> <!-- TestAmazon -->
    </test> <!-- TestAmazon -->
  </suite> <!-- AmazonAllTests -->
</testng-results>
