<?xml version="1.0" encoding="UTF-8"?>
<!-- Generated by org.testng.reporters.JUnitXMLReporter -->
<testsuite ignored="0" hostname="EPAMYERW021B" failures="0" tests="3" name="TestAmazon" time="30.219" errors="0" timestamp="2022-10-07T15:16:34 AMT">
  <testcase classname="TestAmazon" name="CheckPaginationAndHoveringOnBestSeller" time="11.348"/>
  <testcase classname="TestAmazon" name="testForCheckAllRatings" time="11.905"/>
  <testcase classname="TestAmazon" name="testForChoosingAmazonCategory" time="5.328"/>
</testsuite> <!-- TestAmazon -->
